for i in 100 200 500 750
do
    echo -------- dim: $i --------
    echo -------- train
    bin/word2vec                            \
        -train ../../data/train/text8       \
        -output embeddings/text8-$i.bin     \
        -size $i                            \
        -window 5                           \
        -sample 0                           \
        -hs 0                               \
        -negative 5                         \
        -threads 12                         \
        -read-vocab vocabs/text8.vocab      \
        -binary 1
    echo -------- test
    bin/compute-accuracy embeddings/text8-$i.bin 30000 < ../../data/test/questions-words.txt
done
>>> 
-------- dim: 100 --------
Starting training using file ../../data/train/text8
Vocab size: 71291
Words in train file: 16718843
Alpha: 0.000146  Progress: 99.48%  Words/thread/sec: 96.92k  capital-common-countries:
ACCURACY TOP1: 12.65 %  (64 / 506)
Total accuracy: 12.65 %   Semantic accuracy: 12.65 %   Syntactic accuracy: -nan % 
capital-world:
ACCURACY TOP1: 6.06 %  (88 / 1452)
Total accuracy: 7.76 %   Semantic accuracy: 7.76 %   Syntactic accuracy: -nan % 
currency:
ACCURACY TOP1: 4.10 %  (11 / 268)
Total accuracy: 7.32 %   Semantic accuracy: 7.32 %   Syntactic accuracy: -nan % 
city-in-state:
ACCURACY TOP1: 4.33 %  (68 / 1571)
Total accuracy: 6.08 %   Semantic accuracy: 6.08 %   Syntactic accuracy: -nan % 
family:
ACCURACY TOP1: 53.27 %  (163 / 306)
Total accuracy: 9.60 %   Semantic accuracy: 9.60 %   Syntactic accuracy: -nan % 
gram1-adjective-to-adverb:
ACCURACY TOP1: 7.67 %  (58 / 756)
Total accuracy: 9.30 %   Semantic accuracy: 9.60 %   Syntactic accuracy: 7.67 % 
gram2-opposite:
ACCURACY TOP1: 15.69 %  (48 / 306)
Total accuracy: 9.68 %   Semantic accuracy: 9.60 %   Syntactic accuracy: 9.98 % 
gram3-comparative:
ACCURACY TOP1: 25.71 %  (324 / 1260)
Total accuracy: 12.82 %   Semantic accuracy: 9.60 %   Syntactic accuracy: 18.52 % 
gram4-superlative:
ACCURACY TOP1: 15.61 %  (79 / 506)
Total accuracy: 13.03 %   Semantic accuracy: 9.60 %   Syntactic accuracy: 18.00 % 
gram5-present-participle:
ACCURACY TOP1: 15.42 %  (153 / 992)
Total accuracy: 13.33 %   Semantic accuracy: 9.60 %   Syntactic accuracy: 17.33 % 
gram6-nationality-adjective:
ACCURACY TOP1: 22.39 %  (307 / 1371)
Total accuracy: 14.67 %   Semantic accuracy: 9.60 %   Syntactic accuracy: 18.67 % 
gram7-past-tense:
ACCURACY TOP1: 9.53 %  (127 / 1332)
Total accuracy: 14.02 %   Semantic accuracy: 9.60 %   Syntactic accuracy: 16.80 % 
gram8-plural:
ACCURACY TOP1: 26.21 %  (260 / 992)
Total accuracy: 15.06 %   Semantic accuracy: 9.60 %   Syntactic accuracy: 18.04 % 
gram9-plural-verbs:
ACCURACY TOP1: 13.23 %  (86 / 650)
Total accuracy: 14.97 %   Semantic accuracy: 9.60 %   Syntactic accuracy: 17.66 % 
Questions seen / total: 12268 19544   62.77 % 
-------- dim: 200 --------
Starting training using file ../../data/train/text8
Vocab size: 71291
Words in train file: 16718843
Alpha: 0.000146  Progress: 99.48%  Words/thread/sec: 60.54k  capital-common-countries:
ACCURACY TOP1: 16.01 %  (81 / 506)
Total accuracy: 16.01 %   Semantic accuracy: 16.01 %   Syntactic accuracy: -nan % 
capital-world:
ACCURACY TOP1: 6.89 %  (100 / 1452)
Total accuracy: 9.24 %   Semantic accuracy: 9.24 %   Syntactic accuracy: -nan % 
currency:
ACCURACY TOP1: 4.10 %  (11 / 268)
Total accuracy: 8.63 %   Semantic accuracy: 8.63 %   Syntactic accuracy: -nan % 
city-in-state:
ACCURACY TOP1: 4.01 %  (63 / 1571)
Total accuracy: 6.72 %   Semantic accuracy: 6.72 %   Syntactic accuracy: -nan % 
family:
ACCURACY TOP1: 53.59 %  (164 / 306)
Total accuracy: 10.21 %   Semantic accuracy: 10.21 %   Syntactic accuracy: -nan % 
gram1-adjective-to-adverb:
ACCURACY TOP1: 9.26 %  (70 / 756)
Total accuracy: 10.06 %   Semantic accuracy: 10.21 %   Syntactic accuracy: 9.26 % 
gram2-opposite:
ACCURACY TOP1: 15.03 %  (46 / 306)
Total accuracy: 10.36 %   Semantic accuracy: 10.21 %   Syntactic accuracy: 10.92 % 
gram3-comparative:
ACCURACY TOP1: 28.33 %  (357 / 1260)
Total accuracy: 13.88 %   Semantic accuracy: 10.21 %   Syntactic accuracy: 20.37 % 
gram4-superlative:
ACCURACY TOP1: 18.58 %  (94 / 506)
Total accuracy: 14.23 %   Semantic accuracy: 10.21 %   Syntactic accuracy: 20.05 % 
gram5-present-participle:
ACCURACY TOP1: 15.62 %  (155 / 992)
Total accuracy: 14.40 %   Semantic accuracy: 10.21 %   Syntactic accuracy: 18.90 % 
gram6-nationality-adjective:
ACCURACY TOP1: 28.67 %  (393 / 1371)
Total accuracy: 16.51 %   Semantic accuracy: 10.21 %   Syntactic accuracy: 21.48 % 
gram7-past-tense:
ACCURACY TOP1: 9.91 %  (132 / 1332)
Total accuracy: 15.68 %   Semantic accuracy: 10.21 %   Syntactic accuracy: 19.12 % 
gram8-plural:
ACCURACY TOP1: 25.40 %  (252 / 992)
Total accuracy: 16.51 %   Semantic accuracy: 10.21 %   Syntactic accuracy: 19.95 % 
gram9-plural-verbs:
ACCURACY TOP1: 15.23 %  (99 / 650)
Total accuracy: 16.44 %   Semantic accuracy: 10.21 %   Syntactic accuracy: 19.57 % 
Questions seen / total: 12268 19544   62.77 % 
-------- dim: 500 --------
Starting training using file ../../data/train/text8
Vocab size: 71291
Words in train file: 16718843
Alpha: 0.000146  Progress: 99.48%  Words/thread/sec: 25.07k  capital-common-countries:
ACCURACY TOP1: 11.07 %  (56 / 506)
Total accuracy: 11.07 %   Semantic accuracy: 11.07 %   Syntactic accuracy: -nan % 
capital-world:
ACCURACY TOP1: 5.72 %  (83 / 1452)
Total accuracy: 7.10 %   Semantic accuracy: 7.10 %   Syntactic accuracy: -nan % 
currency:
ACCURACY TOP1: 1.87 %  (5 / 268)
Total accuracy: 6.47 %   Semantic accuracy: 6.47 %   Syntactic accuracy: -nan % 
city-in-state:
ACCURACY TOP1: 4.90 %  (77 / 1571)
Total accuracy: 5.82 %   Semantic accuracy: 5.82 %   Syntactic accuracy: -nan % 
family:
ACCURACY TOP1: 50.98 %  (156 / 306)
Total accuracy: 9.19 %   Semantic accuracy: 9.19 %   Syntactic accuracy: -nan % 
gram1-adjective-to-adverb:
ACCURACY TOP1: 8.33 %  (63 / 756)
Total accuracy: 9.06 %   Semantic accuracy: 9.19 %   Syntactic accuracy: 8.33 % 
gram2-opposite:
ACCURACY TOP1: 14.05 %  (43 / 306)
Total accuracy: 9.35 %   Semantic accuracy: 9.19 %   Syntactic accuracy: 9.98 % 
gram3-comparative:
ACCURACY TOP1: 27.14 %  (342 / 1260)
Total accuracy: 12.84 %   Semantic accuracy: 9.19 %   Syntactic accuracy: 19.29 % 
gram4-superlative:
ACCURACY TOP1: 17.19 %  (87 / 506)
Total accuracy: 13.16 %   Semantic accuracy: 9.19 %   Syntactic accuracy: 18.92 % 
gram5-present-participle:
ACCURACY TOP1: 14.72 %  (146 / 992)
Total accuracy: 13.35 %   Semantic accuracy: 9.19 %   Syntactic accuracy: 17.83 % 
gram6-nationality-adjective:
ACCURACY TOP1: 26.33 %  (361 / 1371)
Total accuracy: 15.27 %   Semantic accuracy: 9.19 %   Syntactic accuracy: 20.07 % 
gram7-past-tense:
ACCURACY TOP1: 9.23 %  (123 / 1332)
Total accuracy: 14.51 %   Semantic accuracy: 9.19 %   Syntactic accuracy: 17.86 % 
gram8-plural:
ACCURACY TOP1: 21.37 %  (212 / 992)
Total accuracy: 15.10 %   Semantic accuracy: 9.19 %   Syntactic accuracy: 18.32 % 
gram9-plural-verbs:
ACCURACY TOP1: 16.46 %  (107 / 650)
Total accuracy: 15.17 %   Semantic accuracy: 9.19 %   Syntactic accuracy: 18.18 % 
Questions seen / total: 12268 19544   62.77 % 
-------- dim: 750 --------
Starting training using file ../../data/train/text8
Vocab size: 71291
Words in train file: 16718843
Alpha: 0.000146  Progress: 99.48%  Words/thread/sec: 16.72k  capital-common-countries:
ACCURACY TOP1: 13.24 %  (67 / 506)
Total accuracy: 13.24 %   Semantic accuracy: 13.24 %   Syntactic accuracy: -nan % 
capital-world:
ACCURACY TOP1: 5.99 %  (87 / 1452)
Total accuracy: 7.87 %   Semantic accuracy: 7.87 %   Syntactic accuracy: -nan % 
currency:
ACCURACY TOP1: 2.61 %  (7 / 268)
Total accuracy: 7.23 %   Semantic accuracy: 7.23 %   Syntactic accuracy: -nan % 
city-in-state:
ACCURACY TOP1: 5.41 %  (85 / 1571)
Total accuracy: 6.48 %   Semantic accuracy: 6.48 %   Syntactic accuracy: -nan % 
family:
ACCURACY TOP1: 48.69 %  (149 / 306)
Total accuracy: 9.63 %   Semantic accuracy: 9.63 %   Syntactic accuracy: -nan % 
gram1-adjective-to-adverb:
ACCURACY TOP1: 7.54 %  (57 / 756)
Total accuracy: 9.30 %   Semantic accuracy: 9.63 %   Syntactic accuracy: 7.54 % 
gram2-opposite:
ACCURACY TOP1: 17.65 %  (54 / 306)
Total accuracy: 9.80 %   Semantic accuracy: 9.63 %   Syntactic accuracy: 10.45 % 
gram3-comparative:
ACCURACY TOP1: 24.60 %  (310 / 1260)
Total accuracy: 12.70 %   Semantic accuracy: 9.63 %   Syntactic accuracy: 18.13 % 
gram4-superlative:
ACCURACY TOP1: 16.40 %  (83 / 506)
Total accuracy: 12.97 %   Semantic accuracy: 9.63 %   Syntactic accuracy: 17.82 % 
gram5-present-participle:
ACCURACY TOP1: 14.01 %  (139 / 992)
Total accuracy: 13.10 %   Semantic accuracy: 9.63 %   Syntactic accuracy: 16.83 % 
gram6-nationality-adjective:
ACCURACY TOP1: 25.60 %  (351 / 1371)
Total accuracy: 14.95 %   Semantic accuracy: 9.63 %   Syntactic accuracy: 19.15 % 
gram7-past-tense:
ACCURACY TOP1: 9.98 %  (133 / 1332)
Total accuracy: 14.32 %   Semantic accuracy: 9.63 %   Syntactic accuracy: 17.28 % 
gram8-plural:
ACCURACY TOP1: 24.50 %  (243 / 992)
Total accuracy: 15.19 %   Semantic accuracy: 9.63 %   Syntactic accuracy: 18.23 % 
gram9-plural-verbs:
ACCURACY TOP1: 13.85 %  (90 / 650)
Total accuracy: 15.12 %   Semantic accuracy: 9.63 %   Syntactic accuracy: 17.88 % 
Questions seen / total: 12268 19544   62.77 % 